#-----------------------------------------------------------
# Vivado v2018.2 (64-bit)
# SW Build 2258646 on Thu Jun 14 20:03:12 MDT 2018
# IP Build 2256618 on Thu Jun 14 22:10:49 MDT 2018
# Start of session at: Wed Oct 31 13:59:17 2018
# Process ID: 4168
# Current directory: C:/Users/WesleyRyan/Documents/Programming/RSA/TDT4141TermProject/edit_rsa_accelerator
# Command line: vivado.exe -gui_launcher_event rodinguilauncherevent17920 C:\Users\WesleyRyan\Documents\Programming\RSA\TDT4141TermProject\edit_rsa_accelerator\edit_rsa_accelerator.xpr
# Log file: C:/Users/WesleyRyan/Documents/Programming/RSA/TDT4141TermProject/edit_rsa_accelerator/vivado.log
# Journal file: C:/Users/WesleyRyan/Documents/Programming/RSA/TDT4141TermProject/edit_rsa_accelerator\vivado.jou
#-----------------------------------------------------------
start_gui
open_project C:/Users/WesleyRyan/Documents/Programming/RSA/TDT4141TermProject/edit_rsa_accelerator/edit_rsa_accelerator.xpr
INFO: [ProjectBase 1-489] The host OS only allows 260 characters in a normal path. The project is stored in a path with more than 80 characters. If you experience issues with IP, Block Designs, or files not being found, please consider moving the project to a location with a shorter path. Alternately consider using the OS subst command to map part of the path to a drive letter.
Current project path is 'C:/Users/WesleyRyan/Documents/Programming/RSA/TDT4141TermProject/edit_rsa_accelerator'
INFO: [Project 1-313] Project file moved from 'C:/tfe4141_term_project/edit_rsa_accelerator' since last save.
Scanning sources...
Finished scanning sources
WARNING: [filemgmt 56-2] IPUserFilesDir: Could not find the directory 'C:/Users/WesleyRyan/Documents/Programming/RSA/TDT4141TermProject/edit_rsa_accelerator/edit_rsa_accelerator.ip_user_files', nor could it be found using path 'C:/tfe4141_term_project/edit_rsa_accelerator/edit_rsa_accelerator.ip_user_files'.
CRITICAL WARNING: [Board 49-67] The board_part definition was not found for www.digilentinc.com:pynq-z1:part0:1.0. This can happen sometimes when you use custom board part. You can resolve this issue by setting 'board.repoPaths' parameter, pointing to the location of custom board files. Valid board_part values can be retrieved with the 'get_board_parts' Tcl command.
INFO: [IP_Flow 19-234] Refreshing IP repositories
INFO: [IP_Flow 19-1700] Loaded user IP repository 'c:/Users/WesleyRyan/Documents/Programming/RSA/TDT4141TermProject/rsa_accelerator'.
WARNING: [IP_Flow 19-2207] Repository 'c:/Users/WesleyRyan/Documents/Programming/RSA/TDT4141TermProject/rsa_accelerator' already exists; ignoring attempt to add it again.
INFO: [IP_Flow 19-1700] Loaded user IP repository 'c:/Users/WesleyRyan/Documents/Programming/RSA/TDT4141TermProject/rsa_accelerator'.
INFO: [IP_Flow 19-2313] Loaded Vivado IP repository 'C:/Xilinx/Vivado/2018.2/data/ip'.
open_project: Time (s): cpu = 00:00:11 ; elapsed = 00:00:21 . Memory (MB): peak = 750.379 ; gain = 48.672
update_compile_order -fileset sources_1
exit
INFO: [Common 17-206] Exiting Vivado at Wed Oct 31 14:15:27 2018...
