#-----------------------------------------------------------
# Vivado v2018.2 (64-bit)
# SW Build 2258646 on Thu Jun 14 20:03:12 MDT 2018
# IP Build 2256618 on Thu Jun 14 22:10:49 MDT 2018
# Start of session at: Thu Nov  1 14:48:04 2018
# Process ID: 10064
# Current directory: C:/Users/WesleyRyan/Documents/Programming/RSA/TDT4141TermProject/edit_rsa_accelerator
# Command line: vivado.exe -gui_launcher_event rodinguilauncherevent17912 C:\Users\WesleyRyan\Documents\Programming\RSA\TDT4141TermProject\edit_rsa_accelerator\edit_rsa_accelerator.xpr
# Log file: C:/Users/WesleyRyan/Documents/Programming/RSA/TDT4141TermProject/edit_rsa_accelerator/vivado.log
# Journal file: C:/Users/WesleyRyan/Documents/Programming/RSA/TDT4141TermProject/edit_rsa_accelerator\vivado.jou
#-----------------------------------------------------------
start_gui
open_project C:/Users/WesleyRyan/Documents/Programming/RSA/TDT4141TermProject/edit_rsa_accelerator/edit_rsa_accelerator.xpr
INFO: [ProjectBase 1-489] The host OS only allows 260 characters in a normal path. The project is stored in a path with more than 80 characters. If you experience issues with IP, Block Designs, or files not being found, please consider moving the project to a location with a shorter path. Alternately consider using the OS subst command to map part of the path to a drive letter.
Current project path is 'C:/Users/WesleyRyan/Documents/Programming/RSA/TDT4141TermProject/edit_rsa_accelerator'
Scanning sources...
Finished scanning sources
WARNING: [filemgmt 56-3] IPUserFilesDir: Could not find the directory 'C:/Users/WesleyRyan/Documents/Programming/RSA/TDT4141TermProject/edit_rsa_accelerator/edit_rsa_accelerator.ip_user_files'.
INFO: [IP_Flow 19-234] Refreshing IP repositories
INFO: [IP_Flow 19-1700] Loaded user IP repository 'c:/Users/WesleyRyan/Documents/Programming/RSA/TDT4141TermProject/rsa_accelerator'.
WARNING: [IP_Flow 19-2207] Repository 'c:/Users/WesleyRyan/Documents/Programming/RSA/TDT4141TermProject/rsa_accelerator' already exists; ignoring attempt to add it again.
INFO: [IP_Flow 19-1700] Loaded user IP repository 'c:/Users/WesleyRyan/Documents/Programming/RSA/TDT4141TermProject/rsa_accelerator'.
INFO: [IP_Flow 19-2313] Loaded Vivado IP repository 'C:/Xilinx/Vivado/2018.2/data/ip'.
open_project: Time (s): cpu = 00:00:20 ; elapsed = 00:00:18 . Memory (MB): peak = 785.441 ; gain = 114.844
update_compile_order -fileset sources_1
exit
INFO: [Common 17-206] Exiting Vivado at Fri Nov  2 15:55:02 2018...
