#-----------------------------------------------------------
# Vivado v2018.2 (64-bit)
# SW Build 2258646 on Thu Jun 14 20:03:12 MDT 2018
# IP Build 2256618 on Thu Jun 14 22:10:49 MDT 2018
# Start of session at: Mon Oct 22 00:19:37 2018
# Process ID: 7728
# Current directory: C:/tfe4141_term_project/term_project
# Command line: vivado.exe -gui_launcher_event rodinguilauncherevent5716 C:\tfe4141_term_project\term_project\term_project.xpr
# Log file: C:/tfe4141_term_project/term_project/vivado.log
# Journal file: C:/tfe4141_term_project/term_project\vivado.jou
#-----------------------------------------------------------
start_gui
open_project C:/tfe4141_term_project/term_project/term_project.xpr
Scanning sources...
Finished scanning sources
INFO: [IP_Flow 19-234] Refreshing IP repositories
INFO: [IP_Flow 19-1700] Loaded user IP repository 'c:/tfe4141_term_project/rsa_accelerator'.
WARNING: [IP_Flow 19-2207] Repository 'c:/tfe4141_term_project/rsa_accelerator' already exists; ignoring attempt to add it again.
INFO: [IP_Flow 19-1700] Loaded user IP repository 'c:/tfe4141_term_project/rsa_accelerator'.
INFO: [IP_Flow 19-2313] Loaded Vivado IP repository 'C:/Xilinx/Vivado/2018.2/data/ip'.
WARNING: [IP_Flow 19-3664] IP 'rsa_soc_xbar_0' generated file not found 'c:/tfe4141_term_project/term_project/term_project.srcs/sources_1/bd/rsa_soc/ip/rsa_soc_xbar_0/rsa_soc_xbar_0_sim_netlist.v'. Please regenerate to continue.
WARNING: [IP_Flow 19-3664] IP 'rsa_soc_xbar_0' generated file not found 'c:/tfe4141_term_project/term_project/term_project.srcs/sources_1/bd/rsa_soc/ip/rsa_soc_xbar_0/rsa_soc_xbar_0_sim_netlist.vhdl'. Please regenerate to continue.
WARNING: [IP_Flow 19-3664] IP 'rsa_soc_rsa_accelerator_0_0' generated file not found 'c:/tfe4141_term_project/term_project/term_project.srcs/sources_1/bd/rsa_soc/ipshared/ad53/hdl/rsa_regio.vhd'. Please regenerate to continue.
WARNING: [IP_Flow 19-3664] IP 'rsa_soc_rsa_accelerator_0_0' generated file not found 'c:/tfe4141_term_project/term_project/term_project.srcs/sources_1/bd/rsa_soc/ipshared/ad53/hdl/rsa_msgin.vhd'. Please regenerate to continue.
WARNING: [IP_Flow 19-3664] IP 'rsa_soc_rsa_accelerator_0_0' generated file not found 'c:/tfe4141_term_project/term_project/term_project.srcs/sources_1/bd/rsa_soc/ipshared/ad53/hdl/rsa_msgout.vhd'. Please regenerate to continue.
WARNING: [IP_Flow 19-3664] IP 'rsa_soc_rsa_accelerator_0_0' generated file not found 'c:/tfe4141_term_project/term_project/term_project.srcs/sources_1/bd/rsa_soc/ipshared/ad53/hdl/rsa_accelerator.vhd'. Please regenerate to continue.
WARNING: [IP_Flow 19-3664] IP 'rsa_soc_rsa_accelerator_0_0' generated file not found 'c:/tfe4141_term_project/term_project/term_project.srcs/sources_1/bd/rsa_soc/ipshared/ad53/hdl/rsa_core.vhd'. Please regenerate to continue.
WARNING: [IP_Flow 19-3664] IP 'rsa_soc_rsa_accelerator_0_0' generated file not found 'c:/tfe4141_term_project/term_project/term_project.srcs/sources_1/bd/rsa_soc/ipshared/ad53/hdl/rsa_regio.vhd'. Please regenerate to continue.
WARNING: [IP_Flow 19-3664] IP 'rsa_soc_rsa_accelerator_0_0' generated file not found 'c:/tfe4141_term_project/term_project/term_project.srcs/sources_1/bd/rsa_soc/ipshared/ad53/hdl/rsa_msgin.vhd'. Please regenerate to continue.
WARNING: [IP_Flow 19-3664] IP 'rsa_soc_rsa_accelerator_0_0' generated file not found 'c:/tfe4141_term_project/term_project/term_project.srcs/sources_1/bd/rsa_soc/ipshared/ad53/hdl/rsa_msgout.vhd'. Please regenerate to continue.
WARNING: [IP_Flow 19-3664] IP 'rsa_soc_rsa_accelerator_0_0' generated file not found 'c:/tfe4141_term_project/term_project/term_project.srcs/sources_1/bd/rsa_soc/ipshared/ad53/hdl/rsa_accelerator.vhd'. Please regenerate to continue.
WARNING: [IP_Flow 19-3664] IP 'rsa_soc_rsa_accelerator_0_0' generated file not found 'c:/tfe4141_term_project/term_project/term_project.srcs/sources_1/bd/rsa_soc/ipshared/ad53/hdl/rsa_core.vhd'. Please regenerate to continue.
WARNING: [IP_Flow 19-3664] IP 'rsa_soc_rsa_accelerator_0_0' generated file not found 'c:/tfe4141_term_project/term_project/term_project.srcs/sources_1/bd/rsa_soc/ip/rsa_soc_rsa_accelerator_0_0/rsa_soc_rsa_accelerator_0_0.dcp'. Please regenerate to continue.
WARNING: [IP_Flow 19-3664] IP 'rsa_soc_rsa_accelerator_0_0' generated file not found 'c:/tfe4141_term_project/term_project/term_project.srcs/sources_1/bd/rsa_soc/ip/rsa_soc_rsa_accelerator_0_0/rsa_soc_rsa_accelerator_0_0_stub.v'. Please regenerate to continue.
WARNING: [IP_Flow 19-3664] IP 'rsa_soc_rsa_accelerator_0_0' generated file not found 'c:/tfe4141_term_project/term_project/term_project.srcs/sources_1/bd/rsa_soc/ip/rsa_soc_rsa_accelerator_0_0/rsa_soc_rsa_accelerator_0_0_stub.vhdl'. Please regenerate to continue.
WARNING: [IP_Flow 19-3664] IP 'rsa_soc_rsa_accelerator_0_0' generated file not found 'c:/tfe4141_term_project/term_project/term_project.srcs/sources_1/bd/rsa_soc/ip/rsa_soc_rsa_accelerator_0_0/rsa_soc_rsa_accelerator_0_0_sim_netlist.v'. Please regenerate to continue.
WARNING: [IP_Flow 19-3664] IP 'rsa_soc_rsa_accelerator_0_0' generated file not found 'c:/tfe4141_term_project/term_project/term_project.srcs/sources_1/bd/rsa_soc/ip/rsa_soc_rsa_accelerator_0_0/rsa_soc_rsa_accelerator_0_0_sim_netlist.vhdl'. Please regenerate to continue.
WARNING: [BD 41-1661] One or more IPs have been locked in the design 'rsa_soc.bd'. Please run report_ip_status for more details and recommendations on how to fix this issue.
List of locked IPs:
rsa_soc_rsa_accelerator_0_0

open_project: Time (s): cpu = 00:00:17 ; elapsed = 00:00:10 . Memory (MB): peak = 870.715 ; gain = 147.895
update_compile_order -fileset sources_1
reset_run rsa_soc_rsa_accelerator_0_0_synth_1
reset_run synth_1
launch_runs synth_1 -jobs 8
WARNING: [Vivado 12-4802] The synthesis checkpoint for IP 'C:/tfe4141_term_project/term_project/term_project.srcs/sources_1/bd/rsa_soc/ip/rsa_soc_rsa_accelerator_0_0/rsa_soc_rsa_accelerator_0_0.xci' is not generated and IP is locked. An out-of-context (OOC) run will be created and/or launched, but synthesis may not be able to complete or could result in incorrect behavior.
Please select 'Report IP Status' from the 'Tools/Report' menu or run Tcl command 'report_ip_status' for more information.
WARNING: [Project 1-576] IP 'C:/tfe4141_term_project/term_project/term_project.srcs/sources_1/bd/rsa_soc/ip/rsa_soc_rsa_accelerator_0_0/rsa_soc_rsa_accelerator_0_0.xci' in run rsa_soc_rsa_accelerator_0_0_synth_1 is locked, no out-of-context (OOC) run will be launched. The run may not be able to complete.
Please select 'Report IP Status' from 'Tools/Report' or run the Tcl command 'report_ip_status' for more information.
WARNING: [Project 1-576] IP 'C:/tfe4141_term_project/term_project/term_project.srcs/sources_1/bd/rsa_soc/ip/rsa_soc_rsa_accelerator_0_0/rsa_soc_rsa_accelerator_0_0.xci' in run rsa_soc_rsa_accelerator_0_0_synth_1 is locked, no out-of-context (OOC) run will be launched. The run may not be able to complete.
Please select 'Report IP Status' from 'Tools/Report' or run the Tcl command 'report_ip_status' for more information.
[Mon Oct 22 00:20:10 2018] Launched rsa_soc_rsa_accelerator_0_0_synth_1...
Run output will be captured here: C:/tfe4141_term_project/term_project/term_project.runs/rsa_soc_rsa_accelerator_0_0_synth_1/runme.log
[Mon Oct 22 00:20:10 2018] Launched synth_1...
Run output will be captured here: C:/tfe4141_term_project/term_project/term_project.runs/synth_1/runme.log
reset_run rsa_soc_rsa_accelerator_0_0_synth_1
reset_run synth_1
launch_runs synth_1 -jobs 8
WARNING: [Vivado 12-4802] The synthesis checkpoint for IP 'C:/tfe4141_term_project/term_project/term_project.srcs/sources_1/bd/rsa_soc/ip/rsa_soc_rsa_accelerator_0_0/rsa_soc_rsa_accelerator_0_0.xci' is not generated and IP is locked. An out-of-context (OOC) run will be created and/or launched, but synthesis may not be able to complete or could result in incorrect behavior.
Please select 'Report IP Status' from the 'Tools/Report' menu or run Tcl command 'report_ip_status' for more information.
WARNING: [Project 1-576] IP 'C:/tfe4141_term_project/term_project/term_project.srcs/sources_1/bd/rsa_soc/ip/rsa_soc_rsa_accelerator_0_0/rsa_soc_rsa_accelerator_0_0.xci' in run rsa_soc_rsa_accelerator_0_0_synth_1 is locked, no out-of-context (OOC) run will be launched. The run may not be able to complete.
Please select 'Report IP Status' from 'Tools/Report' or run the Tcl command 'report_ip_status' for more information.
WARNING: [Project 1-576] IP 'C:/tfe4141_term_project/term_project/term_project.srcs/sources_1/bd/rsa_soc/ip/rsa_soc_rsa_accelerator_0_0/rsa_soc_rsa_accelerator_0_0.xci' in run rsa_soc_rsa_accelerator_0_0_synth_1 is locked, no out-of-context (OOC) run will be launched. The run may not be able to complete.
Please select 'Report IP Status' from 'Tools/Report' or run the Tcl command 'report_ip_status' for more information.
[Mon Oct 22 00:22:42 2018] Launched rsa_soc_rsa_accelerator_0_0_synth_1...
Run output will be captured here: C:/tfe4141_term_project/term_project/term_project.runs/rsa_soc_rsa_accelerator_0_0_synth_1/runme.log
[Mon Oct 22 00:22:42 2018] Launched synth_1...
Run output will be captured here: C:/tfe4141_term_project/term_project/term_project.runs/synth_1/runme.log
launch_runs impl_1 -to_step write_bitstream -jobs 8
INFO: [IP_Flow 19-4993] Using cached IP synthesis design for IP rsa_soc_rsa_accelerator_0_0, cache-ID = 84dc994d1681f41a; cache size = 2.802 MB.
WARNING: [Vivado 12-4801] The synthesis checkpoint for IP 'C:/tfe4141_term_project/term_project/term_project.srcs/sources_1/bd/rsa_soc/ip/rsa_soc_rsa_accelerator_0_0/rsa_soc_rsa_accelerator_0_0.xci' is available but stale and the IP is locked. An out-of-context (OOC) run will be created and/or launched, but synthesis may not be able to complete or could result in incorrect behavior.
Please select 'Report IP Status' from the 'Tools/Report' menu or run Tcl command 'report_ip_status' for more information.
[Mon Oct 22 00:24:23 2018] Launched impl_1...
Run output will be captured here: C:/tfe4141_term_project/term_project/term_project.runs/impl_1/runme.log
open_bd_design {C:/tfe4141_term_project/term_project/term_project.srcs/sources_1/bd/rsa_soc/rsa_soc.bd}
Adding cell -- xilinx.com:ip:processing_system7:5.5 - processing_system7_0
Adding cell -- xilinx.com:ip:smartconnect:1.0 - axi_smc
Adding cell -- xilinx.com:ip:proc_sys_reset:5.0 - rst_ps7_0_100M
Adding cell -- xilinx.com:ip:axi_dma:7.1 - rsa_dma
Adding cell -- xilinx.com:user:rsa_accelerator:1.0 - rsa_acc
Adding cell -- xilinx.com:ip:axi_crossbar:2.1 - xbar
Adding cell -- xilinx.com:ip:axi_protocol_converter:2.1 - auto_pc
Successfully read diagram <rsa_soc> from BD file <C:/tfe4141_term_project/term_project/term_project.srcs/sources_1/bd/rsa_soc/rsa_soc.bd>
open_bd_design: Time (s): cpu = 00:00:08 ; elapsed = 00:00:07 . Memory (MB): peak = 1015.199 ; gain = 92.473
report_ip_status -name ip_status 
upgrade_ip -vlnv xilinx.com:user:rsa_accelerator:1.0 [get_ips  rsa_soc_rsa_accelerator_0_0] -log ip_upgrade.log
Upgrading 'C:/tfe4141_term_project/term_project/term_project.srcs/sources_1/bd/rsa_soc/rsa_soc.bd'
WARNING: [Vivado 12-1017] Problems encountered:
1. Failed to delete one or more files in run directory C:/tfe4141_term_project/term_project/term_project.runs/rsa_soc_rsa_accelerator_0_0_synth_1

INFO: [IP_Flow 19-1972] Upgraded rsa_soc_rsa_accelerator_0_0 from rsa_accelerator 1.0 to rsa_accelerator 1.0
Wrote  : <C:/tfe4141_term_project/term_project/term_project.srcs/sources_1/bd/rsa_soc/rsa_soc.bd> 
Wrote  : <C:/tfe4141_term_project/term_project/term_project.srcs/sources_1/bd/rsa_soc/ui/bd_83b82568.ui> 
Wrote  : <C:/tfe4141_term_project/term_project/term_project.srcs/sources_1/bd/rsa_soc/ui/bd_61ce6cb8.ui> 
INFO: [Coretcl 2-1525] Wrote upgrade log to 'C:/tfe4141_term_project/term_project/ip_upgrade.log'.
export_ip_user_files -of_objects [get_ips rsa_soc_rsa_accelerator_0_0] -no_script -sync -force -quiet
generate_target all [get_files  C:/tfe4141_term_project/term_project/term_project.srcs/sources_1/bd/rsa_soc/rsa_soc.bd]
WARNING: [BD 41-702] Propagation TCL tries to overwrite USER strength parameter PCW_M_AXI_GP0_FREQMHZ(10) on '/processing_system7_0' with propagated value(100). Command ignored
WARNING: [BD 41-702] Propagation TCL tries to overwrite USER strength parameter PCW_S_AXI_HP0_FREQMHZ(10) on '/processing_system7_0' with propagated value(100). Command ignored
INFO: [Ipptcl 7-1463] No Compatible Board Interface found. Board Tab not created in customize GUI
Wrote  : <C:/tfe4141_term_project/term_project/term_project.srcs/sources_1/bd/rsa_soc/rsa_soc.bd> 
Wrote  : <C:/tfe4141_term_project/term_project/term_project.srcs/sources_1/bd/rsa_soc/ui/bd_83b82568.ui> 
Wrote  : <C:/tfe4141_term_project/term_project/term_project.srcs/sources_1/bd/rsa_soc/ui/bd_61ce6cb8.ui> 
VHDL Output written to : C:/tfe4141_term_project/term_project/term_project.srcs/sources_1/bd/rsa_soc/synth/rsa_soc.vhd
VHDL Output written to : C:/tfe4141_term_project/term_project/term_project.srcs/sources_1/bd/rsa_soc/sim/rsa_soc.vhd
VHDL Output written to : C:/tfe4141_term_project/term_project/term_project.srcs/sources_1/bd/rsa_soc/hdl/rsa_soc_wrapper.vhd
Wrote  : <C:/tfe4141_term_project/term_project/term_project.srcs/sources_1/bd/rsa_soc/ui/bd_83b82568.ui> 
Wrote  : <C:/tfe4141_term_project/term_project/term_project.srcs/sources_1/bd/rsa_soc/ui/bd_61ce6cb8.ui> 
INFO: [BD 41-1029] Generation completed for the IP Integrator block processing_system7_0 .
INFO: [BD 41-1029] Generation completed for the IP Integrator block rsa/rsa_dma .
Exporting to file c:/tfe4141_term_project/term_project/term_project.srcs/sources_1/bd/rsa_soc/ip/rsa_soc_axi_smc_0/bd_0/hw_handoff/rsa_soc_axi_smc_0.hwh
Generated Block Design Tcl file c:/tfe4141_term_project/term_project/term_project.srcs/sources_1/bd/rsa_soc/ip/rsa_soc_axi_smc_0/bd_0/hw_handoff/rsa_soc_axi_smc_0_bd.tcl
Generated Hardware Definition File c:/tfe4141_term_project/term_project/term_project.srcs/sources_1/bd/rsa_soc/ip/rsa_soc_axi_smc_0/bd_0/synth/rsa_soc_axi_smc_0.hwdef
INFO: [BD 41-1029] Generation completed for the IP Integrator block axi_smc .
INFO: [BD 41-1029] Generation completed for the IP Integrator block rst_ps7_0_100M .
INFO: [BD 41-1029] Generation completed for the IP Integrator block ps7_0_axi_periph/xbar .
INFO: [BD 41-1029] Generation completed for the IP Integrator block rsa/rsa_acc .
WARNING: [IP_Flow 19-4994] Overwriting existing constraint file 'c:/tfe4141_term_project/term_project/term_project.srcs/sources_1/bd/rsa_soc/ip/rsa_soc_auto_pc_0/rsa_soc_auto_pc_0_ooc.xdc'
INFO: [BD 41-1029] Generation completed for the IP Integrator block ps7_0_axi_periph/s00_couplers/auto_pc .
Exporting to file C:/tfe4141_term_project/term_project/term_project.srcs/sources_1/bd/rsa_soc/hw_handoff/rsa_soc.hwh
Generated Block Design Tcl file C:/tfe4141_term_project/term_project/term_project.srcs/sources_1/bd/rsa_soc/hw_handoff/rsa_soc_bd.tcl
Generated Hardware Definition File C:/tfe4141_term_project/term_project/term_project.srcs/sources_1/bd/rsa_soc/synth/rsa_soc.hwdef
generate_target: Time (s): cpu = 00:00:14 ; elapsed = 00:00:18 . Memory (MB): peak = 1290.516 ; gain = 253.109
catch { config_ip_cache -export [get_ips -all rsa_soc_rsa_accelerator_0_0] }
INFO: [IP_Flow 19-4993] Using cached IP synthesis design for IP rsa_soc_rsa_accelerator_0_0, cache-ID = 84dc994d1681f41a; cache size = 2.802 MB.
catch { config_ip_cache -export [get_ips -all rsa_soc_auto_pc_0] }
INFO: [IP_Flow 19-4993] Using cached IP synthesis design for IP rsa_soc_auto_pc_0, cache-ID = b52a188610f3389c; cache size = 2.802 MB.
export_ip_user_files -of_objects [get_files C:/tfe4141_term_project/term_project/term_project.srcs/sources_1/bd/rsa_soc/rsa_soc.bd] -no_script -sync -force -quiet
create_ip_run [get_files -of_objects [get_fileset sources_1] C:/tfe4141_term_project/term_project/term_project.srcs/sources_1/bd/rsa_soc/rsa_soc.bd]
export_simulation -of_objects [get_files C:/tfe4141_term_project/term_project/term_project.srcs/sources_1/bd/rsa_soc/rsa_soc.bd] -directory C:/tfe4141_term_project/term_project/term_project.ip_user_files/sim_scripts -ip_user_files_dir C:/tfe4141_term_project/term_project/term_project.ip_user_files -ipstatic_source_dir C:/tfe4141_term_project/term_project/term_project.ip_user_files/ipstatic -lib_map_path [list {modelsim=C:/tfe4141_term_project/term_project/term_project.cache/compile_simlib/modelsim} {questa=C:/tfe4141_term_project/term_project/term_project.cache/compile_simlib/questa} {riviera=C:/tfe4141_term_project/term_project/term_project.cache/compile_simlib/riviera} {activehdl=C:/tfe4141_term_project/term_project/term_project.cache/compile_simlib/activehdl}] -use_ip_compiled_libs -force -quiet
report_ip_status -name ip_status 
open_bd_design {C:/tfe4141_term_project/term_project/term_project.srcs/sources_1/bd/rsa_soc/rsa_soc.bd}
reset_run synth_1
launch_runs synth_1 -jobs 8
[Mon Oct 22 00:36:45 2018] Launched synth_1...
Run output will be captured here: C:/tfe4141_term_project/term_project/term_project.runs/synth_1/runme.log
launch_runs impl_1 -jobs 8
[Mon Oct 22 00:37:26 2018] Launched impl_1...
Run output will be captured here: C:/tfe4141_term_project/term_project/term_project.runs/impl_1/runme.log
launch_runs impl_1 -to_step write_bitstream -jobs 8
[Mon Oct 22 00:40:15 2018] Launched impl_1...
Run output will be captured here: C:/tfe4141_term_project/term_project/term_project.runs/impl_1/runme.log
write_bd_tcl -force C:/tfe4141_term_project/term_project/rsa_soc.tcl
INFO: [BD 5-148] Tcl file written out <C:/tfe4141_term_project/term_project/rsa_soc.tcl>.

archive_project C:/tfe4141_term_project/term_project.xpr.zip -temp_dir C:/tfe4141_term_project/term_project/.Xil/Vivado-7728-Grimelid -force -exclude_run_results
INFO: [Coretcl 2-137] starting archive...
INFO: [Coretcl 2-1499] Saving project copy to temporary location 'C:/tfe4141_term_project/term_project/.Xil/Vivado-7728-Grimelid' for archiving project
Scanning sources...
Finished scanning sources
INFO: [IP_Flow 19-234] Refreshing IP repositories
INFO: [IP_Flow 19-1700] Loaded user IP repository 'c:/tfe4141_term_project/rsa_accelerator'.
WARNING: [IP_Flow 19-2207] Repository 'c:/tfe4141_term_project/rsa_accelerator' already exists; ignoring attempt to add it again.
INFO: [IP_Flow 19-1700] Loaded user IP repository 'c:/tfe4141_term_project/rsa_accelerator'.
INFO: [IP_Flow 19-2313] Loaded Vivado IP repository 'C:/Xilinx/Vivado/2018.2/data/ip'.
WARNING: [IP_Flow 19-3664] IP 'rsa_soc_xbar_0' generated file not found 'c:/tfe4141_term_project/term_project/term_project.srcs/sources_1/bd/rsa_soc/ip/rsa_soc_xbar_0/rsa_soc_xbar_0_sim_netlist.v'. Please regenerate to continue.
WARNING: [IP_Flow 19-3664] IP 'rsa_soc_xbar_0' generated file not found 'c:/tfe4141_term_project/term_project/term_project.srcs/sources_1/bd/rsa_soc/ip/rsa_soc_xbar_0/rsa_soc_xbar_0_sim_netlist.vhdl'. Please regenerate to continue.
WARNING: [IP_Flow 19-3664] IP 'rsa_soc_rsa_accelerator_0_0' generated file not found 'c:/tfe4141_term_project/term_project/term_project.srcs/sources_1/bd/rsa_soc/ipshared/ad53/hdl/rsa_regio.vhd'. Please regenerate to continue.
WARNING: [IP_Flow 19-3664] IP 'rsa_soc_rsa_accelerator_0_0' generated file not found 'c:/tfe4141_term_project/term_project/term_project.srcs/sources_1/bd/rsa_soc/ipshared/ad53/hdl/rsa_msgin.vhd'. Please regenerate to continue.
WARNING: [IP_Flow 19-3664] IP 'rsa_soc_rsa_accelerator_0_0' generated file not found 'c:/tfe4141_term_project/term_project/term_project.srcs/sources_1/bd/rsa_soc/ipshared/ad53/hdl/rsa_msgout.vhd'. Please regenerate to continue.
WARNING: [IP_Flow 19-3664] IP 'rsa_soc_rsa_accelerator_0_0' generated file not found 'c:/tfe4141_term_project/term_project/term_project.srcs/sources_1/bd/rsa_soc/ipshared/ad53/hdl/rsa_accelerator.vhd'. Please regenerate to continue.
WARNING: [IP_Flow 19-3664] IP 'rsa_soc_rsa_accelerator_0_0' generated file not found 'c:/tfe4141_term_project/term_project/term_project.srcs/sources_1/bd/rsa_soc/ipshared/ad53/hdl/rsa_core.vhd'. Please regenerate to continue.
WARNING: [IP_Flow 19-3664] IP 'rsa_soc_rsa_accelerator_0_0' generated file not found 'c:/tfe4141_term_project/term_project/term_project.srcs/sources_1/bd/rsa_soc/ipshared/ad53/hdl/rsa_regio.vhd'. Please regenerate to continue.
WARNING: [IP_Flow 19-3664] IP 'rsa_soc_rsa_accelerator_0_0' generated file not found 'c:/tfe4141_term_project/term_project/term_project.srcs/sources_1/bd/rsa_soc/ipshared/ad53/hdl/rsa_msgin.vhd'. Please regenerate to continue.
WARNING: [IP_Flow 19-3664] IP 'rsa_soc_rsa_accelerator_0_0' generated file not found 'c:/tfe4141_term_project/term_project/term_project.srcs/sources_1/bd/rsa_soc/ipshared/ad53/hdl/rsa_msgout.vhd'. Please regenerate to continue.
WARNING: [IP_Flow 19-3664] IP 'rsa_soc_rsa_accelerator_0_0' generated file not found 'c:/tfe4141_term_project/term_project/term_project.srcs/sources_1/bd/rsa_soc/ipshared/ad53/hdl/rsa_accelerator.vhd'. Please regenerate to continue.
WARNING: [IP_Flow 19-3664] IP 'rsa_soc_rsa_accelerator_0_0' generated file not found 'c:/tfe4141_term_project/term_project/term_project.srcs/sources_1/bd/rsa_soc/ipshared/ad53/hdl/rsa_core.vhd'. Please regenerate to continue.
WARNING: [BD 41-1661] One or more IPs have been locked in the design 'rsa_soc.bd'. Please run report_ip_status for more details and recommendations on how to fix this issue.
List of locked IPs:
rsa_soc_rsa_accelerator_0_0

INFO: [Coretcl 2-1211] Creating project copy for archival...
CRITICAL WARNING: [IP_Flow 19-4299] Failed to copy 'c:/tfe4141_term_project/term_project/term_project.srcs/sources_1/bd/rsa_soc/ip/rsa_soc_xbar_0/rsa_soc_xbar_0_sim_netlist.v' to 'c:/tfe4141_term_project/term_project/.Xil/Vivado-7728-Grimelid/PrjAr/_X_/term_project.srcs/sources_1/bd/rsa_soc/ip/rsa_soc_xbar_0/rsa_soc_xbar_0_sim_netlist.v'
CRITICAL WARNING: [IP_Flow 19-4299] Failed to copy 'c:/tfe4141_term_project/term_project/term_project.srcs/sources_1/bd/rsa_soc/ip/rsa_soc_xbar_0/rsa_soc_xbar_0_sim_netlist.vhdl' to 'c:/tfe4141_term_project/term_project/.Xil/Vivado-7728-Grimelid/PrjAr/_X_/term_project.srcs/sources_1/bd/rsa_soc/ip/rsa_soc_xbar_0/rsa_soc_xbar_0_sim_netlist.vhdl'
CRITICAL WARNING: [IP_Flow 19-4299] Failed to copy 'c:/tfe4141_term_project/term_project/term_project.srcs/sources_1/bd/rsa_soc/ipshared/ad53/hdl/rsa_regio.vhd' to 'c:/tfe4141_term_project/term_project/.Xil/Vivado-7728-Grimelid/PrjAr/_X_/term_project.srcs/sources_1/bd/rsa_soc/ipshared/ad53/hdl/rsa_regio.vhd'
CRITICAL WARNING: [IP_Flow 19-4299] Failed to copy 'c:/tfe4141_term_project/term_project/term_project.srcs/sources_1/bd/rsa_soc/ipshared/ad53/hdl/rsa_msgin.vhd' to 'c:/tfe4141_term_project/term_project/.Xil/Vivado-7728-Grimelid/PrjAr/_X_/term_project.srcs/sources_1/bd/rsa_soc/ipshared/ad53/hdl/rsa_msgin.vhd'
CRITICAL WARNING: [IP_Flow 19-4299] Failed to copy 'c:/tfe4141_term_project/term_project/term_project.srcs/sources_1/bd/rsa_soc/ipshared/ad53/hdl/rsa_msgout.vhd' to 'c:/tfe4141_term_project/term_project/.Xil/Vivado-7728-Grimelid/PrjAr/_X_/term_project.srcs/sources_1/bd/rsa_soc/ipshared/ad53/hdl/rsa_msgout.vhd'
CRITICAL WARNING: [IP_Flow 19-4299] Failed to copy 'c:/tfe4141_term_project/term_project/term_project.srcs/sources_1/bd/rsa_soc/ipshared/ad53/hdl/rsa_accelerator.vhd' to 'c:/tfe4141_term_project/term_project/.Xil/Vivado-7728-Grimelid/PrjAr/_X_/term_project.srcs/sources_1/bd/rsa_soc/ipshared/ad53/hdl/rsa_accelerator.vhd'
CRITICAL WARNING: [IP_Flow 19-4299] Failed to copy 'c:/tfe4141_term_project/term_project/term_project.srcs/sources_1/bd/rsa_soc/ipshared/ad53/hdl/rsa_core.vhd' to 'c:/tfe4141_term_project/term_project/.Xil/Vivado-7728-Grimelid/PrjAr/_X_/term_project.srcs/sources_1/bd/rsa_soc/ipshared/ad53/hdl/rsa_core.vhd'
WARNING: [IP_Flow 19-2162] IP 'rsa_soc_rsa_accelerator_0_0' is locked:
* The IP Data in the repository is incompatible with the current instance (despite having identical Version and Revision). You will need to upgrade the IP before viewing the customization and generating outputs.
Please select 'Report IP Status' from the 'Tools/Report' menu or run Tcl command 'report_ip_status' for more information.
WARNING: [BD 41-1661] One or more IPs have been locked in the design 'rsa_soc.bd'. Please run report_ip_status for more details and recommendations on how to fix this issue.
List of locked IPs:
rsa_soc_rsa_accelerator_0_0

INFO: [Coretcl 2-135] resetting runs for excluding generated files from archive...
WARNING: [Coretcl 2-105] Run 'synth_1' is currently active
INFO: [Coretcl 2-133] re-setting run 'synth_1'...
WARNING: [Coretcl 2-105] Run 'rsa_soc_processing_system7_0_0_synth_1' is currently active
INFO: [Coretcl 2-133] re-setting run 'rsa_soc_processing_system7_0_0_synth_1'...
WARNING: [Coretcl 2-105] Run 'rsa_soc_axi_dma_0_0_synth_1' is currently active
INFO: [Coretcl 2-133] re-setting run 'rsa_soc_axi_dma_0_0_synth_1'...
WARNING: [Coretcl 2-105] Run 'rsa_soc_axi_smc_0_synth_1' is currently active
INFO: [Coretcl 2-133] re-setting run 'rsa_soc_axi_smc_0_synth_1'...
WARNING: [Coretcl 2-105] Run 'rsa_soc_rst_ps7_0_100M_0_synth_1' is currently active
INFO: [Coretcl 2-133] re-setting run 'rsa_soc_rst_ps7_0_100M_0_synth_1'...
INFO: [Coretcl 2-133] re-setting run 'impl_1'...
INFO: [Coretcl 2-133] re-setting run 'rsa_soc_processing_system7_0_0_impl_1'...
INFO: [Coretcl 2-133] re-setting run 'rsa_soc_axi_dma_0_0_impl_1'...
INFO: [Coretcl 2-133] re-setting run 'rsa_soc_axi_smc_0_impl_1'...
INFO: [Coretcl 2-133] re-setting run 'rsa_soc_rst_ps7_0_100M_0_impl_1'...
WARNING: [Coretcl 2-52] File 'c:/tfe4141_term_project/term_project/.Xil/Vivado-7728-Grimelid/PrjAr/_X_/term_project.srcs/sources_1/bd/rsa_soc/ipshared/ad53/hdl/rsa_regio.vhd' does not exist
WARNING: [Coretcl 2-52] File 'c:/tfe4141_term_project/term_project/.Xil/Vivado-7728-Grimelid/PrjAr/_X_/term_project.srcs/sources_1/bd/rsa_soc/ipshared/ad53/hdl/rsa_msgin.vhd' does not exist
WARNING: [Coretcl 2-52] File 'c:/tfe4141_term_project/term_project/.Xil/Vivado-7728-Grimelid/PrjAr/_X_/term_project.srcs/sources_1/bd/rsa_soc/ipshared/ad53/hdl/rsa_msgout.vhd' does not exist
WARNING: [Coretcl 2-52] File 'c:/tfe4141_term_project/term_project/.Xil/Vivado-7728-Grimelid/PrjAr/_X_/term_project.srcs/sources_1/bd/rsa_soc/ipshared/ad53/hdl/rsa_accelerator.vhd' does not exist
WARNING: [Coretcl 2-52] File 'c:/tfe4141_term_project/term_project/.Xil/Vivado-7728-Grimelid/PrjAr/_X_/term_project.srcs/sources_1/bd/rsa_soc/ipshared/ad53/hdl/rsa_core.vhd' does not exist
INFO: [Coretcl 2-1212] Importing remotely added design sources and verilog include files (if any)...
INFO: [filemgmt 20-334] All file(s) are already imported in fileset: 'rsa_soc_axi_dma_0_0'
INFO: [filemgmt 20-348] Importing the appropriate files for fileset: 'rsa_soc_axi_dma_0_0'
INFO: [filemgmt 20-334] All file(s) are already imported in fileset: 'rsa_soc_axi_smc_0'
INFO: [filemgmt 20-348] Importing the appropriate files for fileset: 'rsa_soc_axi_smc_0'
INFO: [filemgmt 20-334] All file(s) are already imported in fileset: 'rsa_soc_processing_system7_0_0'
INFO: [filemgmt 20-348] Importing the appropriate files for fileset: 'rsa_soc_processing_system7_0_0'
INFO: [filemgmt 20-334] All file(s) are already imported in fileset: 'rsa_soc_rst_ps7_0_100M_0'
INFO: [filemgmt 20-348] Importing the appropriate files for fileset: 'rsa_soc_rst_ps7_0_100M_0'
INFO: [filemgmt 20-334] All file(s) are already imported in fileset: 'sources_1'
INFO: [filemgmt 20-348] Importing the appropriate files for fileset: 'sources_1'
